<?xml version="1.0" encoding="UTF-8"?>
<testng-results ignored="0" total="1" passed="1" failed="0" skipped="0">
  <reporter-output>
  </reporter-output>
  <suite started-at="2025-04-21T18:32:26 GMT+03:00" name="Default suite" finished-at="2025-04-21T18:32:33 GMT+03:00" duration-ms="6247">
    <groups>
    </groups>
    <test started-at="2025-04-21T18:32:26 GMT+03:00" name="Default test" finished-at="2025-04-21T18:32:33 GMT+03:00" duration-ms="6247">
      <class name="codenboxautomationlab.codenboxautomationlab.AppTest">
        <test-method is-config="true" signature="mySetup()[pri:0, instance:codenboxautomationlab.codenboxautomationlab.AppTest@5e01a982]" started-at="2025-04-21T18:32:26 GMT+03:00" name="mySetup" finished-at="2025-04-21T18:32:33 GMT+03:00" duration-ms="6099" status="PASS">
          <reporter-output>
          </reporter-output>
        </test-method> <!-- mySetup -->
        <test-method signature="RadioButton()[pri:1, instance:codenboxautomationlab.codenboxautomationlab.AppTest@5e01a982]" started-at="2025-04-21T18:32:33 GMT+03:00" name="RadioButton" finished-at="2025-04-21T18:32:33 GMT+03:00" duration-ms="99" status="PASS">
          <reporter-output>
          </reporter-output>
        </test-method> <!-- RadioButton -->
      </class> <!-- codenboxautomationlab.codenboxautomationlab.AppTest -->
    </test> <!-- Default test -->
  </suite> <!-- Default suite -->
</testng-results>
